<?xml version="1.0" encoding="UTF-8"?>
<testsuite name="br.com.zup.marvel.ui.register.viewmodel.RegisterViewModelTest" tests="1" skipped="0" failures="0" errors="0" timestamp="2022-11-25T18:29:32" hostname="ZUP-7877" time="12.943">
  <properties/>
  <testcase name="validateUserData_allFieldsCorrect_returnRegisterUser" classname="br.com.zup.marvel.ui.register.viewmodel.RegisterViewModelTest" time="12.943"/>
  <system-out><![CDATA[WARNING: No manifest file found at .\AndroidManifest.xml.
Falling back to the Android OS resources only.
To remove this warning, annotate your test class with @Config(manifest=Config.NONE).
]]></system-out>
  <system-err><![CDATA[No such manifest file: .\AndroidManifest.xml
]]></system-err>
</testsuite>
